<?xml version="1.0" encoding="UTF-8"?>
<testng-results skipped="0" failed="0" ignored="0" total="1" passed="1">
  <reporter-output>
  </reporter-output>
  <suite name="Surefire suite" duration-ms="127246" started-at="2019-06-20T16:23:18Z" finished-at="2019-06-20T16:25:25Z">
    <groups>
      <group name="cucumber">
        <method signature="TestRunner.feature(cucumber.api.testng.CucumberFeatureWrapper)[pri:0, instance:TestRunner@97e1986]" name="feature" class="TestRunner"/>
      </group> <!-- cucumber -->
    </groups>
    <test name="Surefire test" duration-ms="127246" started-at="2019-06-20T16:23:18Z" finished-at="2019-06-20T16:25:25Z">
      <class name="TestRunner">
        <test-method status="PASS" signature="setUpClass()[pri:0, instance:TestRunner@97e1986]" name="setUpClass" is-config="true" duration-ms="547" started-at="2019-06-20T17:23:18Z" finished-at="2019-06-20T17:23:19Z">
          <reporter-output>
          </reporter-output>
        </test-method> <!-- setUpClass -->
        <test-method status="PASS" signature="feature(cucumber.api.testng.CucumberFeatureWrapper)[pri:0, instance:TestRunner@97e1986]" name="feature" duration-ms="124090" started-at="2019-06-20T17:23:19Z" description="Runs Cucumber Feature" data-provider="features" finished-at="2019-06-20T17:25:23Z">
          <params>
            <param index="0">
              <value>
                <![CDATA[Answer Digital Automation Test Task]]>
              </value>
            </param>
          </params>
          <reporter-output>
          </reporter-output>
        </test-method> <!-- feature -->
        <test-method status="PASS" signature="tearDownClass()[pri:0, instance:TestRunner@97e1986]" name="tearDownClass" is-config="true" duration-ms="2413" started-at="2019-06-20T17:25:23Z" finished-at="2019-06-20T17:25:25Z">
          <reporter-output>
          </reporter-output>
        </test-method> <!-- tearDownClass -->
      </class> <!-- TestRunner -->
    </test> <!-- Surefire test -->
  </suite> <!-- Surefire suite -->
</testng-results>
